{
  "stats": {
    "suites": 1,
    "tests": 2,
    "passes": 2,
    "pending": 0,
    "failures": 0,
    "start": "2024-02-20T16:21:09.454Z",
    "end": "2024-02-20T16:21:12.728Z",
    "duration": 3274,
    "testsRegistered": 2,
    "passPercent": 100,
    "pendingPercent": 0,
    "other": 0,
    "hasOther": false,
    "skipped": 0,
    "hasSkipped": false
  },
  "results": [
    {
      "uuid": "63cfc62f-7222-4464-92c8-2bf024d43066",
      "title": "",
      "fullFile": "cypress\\e2e\\webdriver-uni\\file-upload.js",
      "file": "cypress\\e2e\\webdriver-uni\\file-upload.js",
      "beforeHooks": [],
      "afterHooks": [],
      "tests": [],
      "suites": [
        {
          "uuid": "1c1ebd3b-3ff3-44b6-ade0-bb9585b1b91e",
          "title": "Test File Upload via webdriveru",
          "fullFile": "",
          "file": "",
          "beforeHooks": [],
          "afterHooks": [],
          "tests": [
            {
              "title": "Upload a file....",
              "fullTitle": "Test File Upload via webdriveru Upload a file....",
              "timedOut": null,
              "duration": 2431,
              "state": "passed",
              "speed": "fast",
              "pass": true,
              "fail": false,
              "pending": false,
              "context": null,
              "code": "cy.visit(\"http://webdriveruniversity.com\");\ncy.get('#file-upload').invoke('removeAttr', 'target').click({\n  force: true\n});\ncy.get(\"#myFile\").selectFile(\"cypress/fixtures/laptop.png\");\ncy.get(\"#submit-button\").click();",
              "err": {},
              "uuid": "5a4dbba9-113a-416a-9f50-c11a7de00508",
              "parentUUID": "1c1ebd3b-3ff3-44b6-ade0-bb9585b1b91e",
              "isHook": false,
              "skipped": false
            },
            {
              "title": "Upload No file...",
              "fullTitle": "Test File Upload via webdriveru Upload No file...",
              "timedOut": null,
              "duration": 736,
              "state": "passed",
              "speed": "fast",
              "pass": true,
              "fail": false,
              "pending": false,
              "context": null,
              "code": "cy.visit(\"http://webdriveruniversity.com\");\ncy.get('#file-upload').invoke('removeAttr', 'target').click({\n  force: true\n});\ncy.get(\"#submit-button\").click();",
              "err": {},
              "uuid": "953c7c01-4a45-49d1-bb72-ca80bb8eb70e",
              "parentUUID": "1c1ebd3b-3ff3-44b6-ade0-bb9585b1b91e",
              "isHook": false,
              "skipped": false
            }
          ],
          "suites": [],
          "passes": [
            "5a4dbba9-113a-416a-9f50-c11a7de00508",
            "953c7c01-4a45-49d1-bb72-ca80bb8eb70e"
          ],
          "failures": [],
          "pending": [],
          "skipped": [],
          "duration": 3167,
          "root": false,
          "rootEmpty": false,
          "_timeout": 2000
        }
      ],
      "passes": [],
      "failures": [],
      "pending": [],
      "skipped": [],
      "duration": 0,
      "root": true,
      "rootEmpty": true,
      "_timeout": 2000
    }
  ],
  "meta": {
    "mocha": {
      "version": "7.0.1"
    },
    "mochawesome": {
      "options": {
        "quiet": false,
        "reportFilename": "mochawesome",
        "saveHtml": false,
        "saveJson": true,
        "consoleReporter": "spec",
        "useInlineDiffs": false,
        "code": true
      },
      "version": "7.1.3"
    },
    "marge": {
      "options": {
        "id": "default",
        "reportDir": "cypress/results/mochawesome",
        "quite": true,
        "overwrite": false,
        "html": false,
        "json": true
      },
      "version": "6.2.0"
    }
  }
}