{
  "stats": {
    "suites": 1,
    "tests": 4,
    "passes": 4,
    "pending": 0,
    "failures": 0,
    "start": "2024-02-20T16:21:29.583Z",
    "end": "2024-02-20T16:21:33.981Z",
    "duration": 4398,
    "testsRegistered": 4,
    "passPercent": 100,
    "pendingPercent": 0,
    "other": 0,
    "hasOther": false,
    "skipped": 0,
    "hasSkipped": false
  },
  "results": [
    {
      "uuid": "ddec9747-fe36-4803-bbca-7c57dfa8dc33",
      "title": "",
      "fullFile": "cypress\\e2e\\webdriver-uni\\mouse-actions.js",
      "file": "cypress\\e2e\\webdriver-uni\\mouse-actions.js",
      "beforeHooks": [],
      "afterHooks": [],
      "tests": [],
      "suites": [
        {
          "uuid": "3434c29c-d90e-433f-a3ed-1f60b60fde31",
          "title": "Test mouse actions",
          "fullFile": "",
          "file": "",
          "beforeHooks": [],
          "afterHooks": [],
          "tests": [
            {
              "title": "Scroll element into view",
              "fullTitle": "Test mouse actions Scroll element into view",
              "timedOut": null,
              "duration": 2714,
              "state": "passed",
              "speed": "fast",
              "pass": true,
              "fail": false,
              "pending": false,
              "context": null,
              "code": "cy.visit(\"http://www.webdriveruniversity.com\");\ncy.get('#actions').scrollIntoView().invoke('removeAttr', 'target').click({\n  force: true\n});",
              "err": {},
              "uuid": "7b872cf7-1586-48ba-8bcd-42d876b2f2db",
              "parentUUID": "3434c29c-d90e-433f-a3ed-1f60b60fde31",
              "isHook": false,
              "skipped": false
            },
            {
              "title": "I should be able to drag and drop a draggable item",
              "fullTitle": "Test mouse actions I should be able to drag and drop a draggable item",
              "timedOut": null,
              "duration": 552,
              "state": "passed",
              "speed": "fast",
              "pass": true,
              "fail": false,
              "pending": false,
              "context": null,
              "code": "cy.visit(\"http://www.webdriveruniversity.com\");\ncy.get('#actions').scrollIntoView().invoke('removeAttr', 'target').click({\n  force: true\n});\ncy.get('#draggable').trigger('mousedown', {\n  which: 1\n}); //which: 1 is oging to click on the center of that given element\ncy.get('#droppable').trigger('mousemove').trigger('mouseup', {\n  force: true\n}); //force:true to ensure that it does release the mouse",
              "err": {},
              "uuid": "707bd5de-1c4b-4671-b197-a9a7862fa7f3",
              "parentUUID": "3434c29c-d90e-433f-a3ed-1f60b60fde31",
              "isHook": false,
              "skipped": false
            },
            {
              "title": "I should be able to perform a double mouse click",
              "fullTitle": "Test mouse actions I should be able to perform a double mouse click",
              "timedOut": null,
              "duration": 520,
              "state": "passed",
              "speed": "fast",
              "pass": true,
              "fail": false,
              "pending": false,
              "context": null,
              "code": "cy.visit(\"http://www.webdriveruniversity.com\");\ncy.get('#actions').scrollIntoView().invoke('removeAttr', 'target').click({\n  force: true\n});\ncy.get('#double-click').dblclick();",
              "err": {},
              "uuid": "2c0451d8-9417-4766-bb2f-79b6480bab0b",
              "parentUUID": "3434c29c-d90e-433f-a3ed-1f60b60fde31",
              "isHook": false,
              "skipped": false
            },
            {
              "title": "I should be able to hold down the left mouse click button on a given element",
              "fullTitle": "Test mouse actions I should be able to hold down the left mouse click button on a given element",
              "timedOut": null,
              "duration": 502,
              "state": "passed",
              "speed": "fast",
              "pass": true,
              "fail": false,
              "pending": false,
              "context": null,
              "code": "cy.visit(\"http://www.webdriveruniversity.com\");\ncy.get('#actions').scrollIntoView().invoke('removeAttr', 'target').click({\n  force: true\n});\ncy.get('#click-box').trigger('mousedown', {\n  which: 1\n}).then($element => {\n  expect($element).to.have.css('background-color', 'rgb(0, 255, 0)');\n});",
              "err": {},
              "uuid": "cfcbfbce-8340-4b50-a9fe-ce282da87675",
              "parentUUID": "3434c29c-d90e-433f-a3ed-1f60b60fde31",
              "isHook": false,
              "skipped": false
            }
          ],
          "suites": [],
          "passes": [
            "7b872cf7-1586-48ba-8bcd-42d876b2f2db",
            "707bd5de-1c4b-4671-b197-a9a7862fa7f3",
            "2c0451d8-9417-4766-bb2f-79b6480bab0b",
            "cfcbfbce-8340-4b50-a9fe-ce282da87675"
          ],
          "failures": [],
          "pending": [],
          "skipped": [],
          "duration": 4288,
          "root": false,
          "rootEmpty": false,
          "_timeout": 2000
        }
      ],
      "passes": [],
      "failures": [],
      "pending": [],
      "skipped": [],
      "duration": 0,
      "root": true,
      "rootEmpty": true,
      "_timeout": 2000
    }
  ],
  "meta": {
    "mocha": {
      "version": "7.0.1"
    },
    "mochawesome": {
      "options": {
        "quiet": false,
        "reportFilename": "mochawesome",
        "saveHtml": false,
        "saveJson": true,
        "consoleReporter": "spec",
        "useInlineDiffs": false,
        "code": true
      },
      "version": "7.1.3"
    },
    "marge": {
      "options": {
        "id": "default",
        "reportDir": "cypress/results/mochawesome",
        "quite": true,
        "overwrite": false,
        "html": false,
        "json": true
      },
      "version": "6.2.0"
    }
  }
}