{
  "stats": {
    "suites": 1,
    "tests": 1,
    "passes": 1,
    "pending": 0,
    "failures": 0,
    "start": "2024-02-20T16:21:52.652Z",
    "end": "2024-02-20T16:21:57.106Z",
    "duration": 4454,
    "testsRegistered": 1,
    "passPercent": 100,
    "pendingPercent": 0,
    "other": 0,
    "hasOther": false,
    "skipped": 0,
    "hasSkipped": false
  },
  "results": [
    {
      "uuid": "0394b023-9c56-4b56-974c-2612753ee8a2",
      "title": "",
      "fullFile": "cypress\\e2e\\webdriver-uni\\selectors.js",
      "file": "cypress\\e2e\\webdriver-uni\\selectors.js",
      "beforeHooks": [],
      "afterHooks": [],
      "tests": [],
      "suites": [
        {
          "uuid": "0b3f257a-646b-43f3-bd41-6875f1be3455",
          "title": "Selector examples",
          "fullFile": "",
          "file": "",
          "beforeHooks": [],
          "afterHooks": [],
          "tests": [
            {
              "title": "Examples of selectors via WebdriverUni Contact Us Page",
              "fullTitle": "Selector examples Examples of selectors via WebdriverUni Contact Us Page",
              "timedOut": null,
              "duration": 1853,
              "state": "passed",
              "speed": "fast",
              "pass": true,
              "fail": false,
              "pending": false,
              "context": null,
              "code": "cy.visit(\"https://webdriveruniversity.com/Contact-Us/contactus.html\");\n//By tag name\ncy.get(\"input\");\n//By attribute name and value\ncy.get(\"input[name='first_name']\");\n//By id\ncy.get(\"#contact_me\");\n//By class\ncy.get(\".feedback-input\");\n//By multiple classes\ncy.get(\"[class='navbar navbar-inverse navbar-fixed-top']\");\n//By two different attributes\n//cy.get(\"[name='email'] [placeholder='Email Address']\")\ncy.get(\"[name='email'][placeholder='Email Address']\");\n//By XPath\ncy.xpath(\"//input[@name='first_name']\");",
              "err": {},
              "uuid": "42efff59-fbeb-417e-bbe1-bd4f37ba88ee",
              "parentUUID": "0b3f257a-646b-43f3-bd41-6875f1be3455",
              "isHook": false,
              "skipped": false
            }
          ],
          "suites": [],
          "passes": [
            "42efff59-fbeb-417e-bbe1-bd4f37ba88ee"
          ],
          "failures": [],
          "pending": [],
          "skipped": [],
          "duration": 1853,
          "root": false,
          "rootEmpty": false,
          "_timeout": 2000
        }
      ],
      "passes": [],
      "failures": [],
      "pending": [],
      "skipped": [],
      "duration": 0,
      "root": true,
      "rootEmpty": true,
      "_timeout": 2000
    }
  ],
  "meta": {
    "mocha": {
      "version": "7.0.1"
    },
    "mochawesome": {
      "options": {
        "quiet": false,
        "reportFilename": "mochawesome",
        "saveHtml": false,
        "saveJson": true,
        "consoleReporter": "spec",
        "useInlineDiffs": false,
        "code": true
      },
      "version": "7.1.3"
    },
    "marge": {
      "options": {
        "id": "default",
        "reportDir": "cypress/results/mochawesome",
        "quite": true,
        "overwrite": false,
        "html": false,
        "json": true
      },
      "version": "6.2.0"
    }
  }
}