{
  "stats": {
    "suites": 1,
    "tests": 1,
    "passes": 0,
    "pending": 0,
    "failures": 1,
    "start": "2024-02-22T07:48:52.489Z",
    "end": "2024-02-22T07:49:31.640Z",
    "duration": 39151,
    "testsRegistered": 1,
    "passPercent": 0,
    "pendingPercent": 0,
    "other": 0,
    "hasOther": false,
    "skipped": 0,
    "hasSkipped": false
  },
  "results": [
    {
      "uuid": "205b498e-e112-4569-862e-0ce2042e3c71",
      "title": "",
      "fullFile": "cypress\\e2e\\automation-test-store\\contact-us.js",
      "file": "cypress\\e2e\\automation-test-store\\contact-us.js",
      "beforeHooks": [],
      "afterHooks": [],
      "tests": [],
      "suites": [
        {
          "uuid": "83b2e5e6-1865-4940-ab11-2557b33427e3",
          "title": "Test Contact Us form via Automation Test Store",
          "fullFile": "",
          "file": "",
          "beforeHooks": [],
          "afterHooks": [],
          "tests": [
            {
              "title": "Should be able to submit a successful submission via contact us form",
              "fullTitle": "Test Contact Us form via Automation Test Store Should be able to submit a successful submission via contact us form",
              "timedOut": null,
              "duration": 12711,
              "state": "failed",
              "speed": null,
              "pass": false,
              "fail": true,
              "pending": false,
              "context": null,
              "code": "cy.visit(\"https://automationteststore.com/\");\n//cy.get(\"a[href$='contact']\").click();\ncy.get(\"a[href$='contact']555\").click().then(function (linkText) {\n  cy.log(\"Clicked on link using text: \" + linkText.text());\n});\n//cy.get('.info_links_footer > :nth-child(5) > a').click();\n//a[contains(@href, 'contact')]\n//cy.xpath(\"//a[contains(@href, 'contact')]\").click();\ncy.get(\"@user\").then(user => {\n  cy.get('#ContactUsFrm_first_name').type(user.first_name);\n  cy.get('#ContactUsFrm_email').type(user.email);\n});\ncy.get('#ContactUsFrm_email').should('have.attr', 'name', 'email');\ncy.get('#ContactUsFrm_enquiry').type(\"Do you provide additional discount on bulk orders?\");\n//cy.get('.col-md-6 > .btn').click();\ncy.get(\"button[title='Submit']\").click();\ncy.get('.mb40 > :nth-child(3)').should('have.text', 'Your enquiry has been successfully sent to the store owner!');\ncy.log(\"Test has been completed!\");",
              "err": {
                "message": "AssertionError: Timed out retrying after 10000ms: Expected to find element: `a[href$='contact']555`, but never found it.",
                "estack": "AssertionError: Timed out retrying after 10000ms: Expected to find element: `a[href$='contact']555`, but never found it.\n    at Context.eval (webpack:///./cypress/e2e/automation-test-store/contact-us.js:18:7)",
                "diff": null
              },
              "uuid": "eb99be7d-b08c-4243-ad92-fab9a820a665",
              "parentUUID": "83b2e5e6-1865-4940-ab11-2557b33427e3",
              "isHook": false,
              "skipped": false
            }
          ],
          "suites": [],
          "passes": [],
          "failures": [
            "eb99be7d-b08c-4243-ad92-fab9a820a665"
          ],
          "pending": [],
          "skipped": [],
          "duration": 12711,
          "root": false,
          "rootEmpty": false,
          "_timeout": 2000
        }
      ],
      "passes": [],
      "failures": [],
      "pending": [],
      "skipped": [],
      "duration": 0,
      "root": true,
      "rootEmpty": true,
      "_timeout": 2000
    }
  ],
  "meta": {
    "mocha": {
      "version": "7.0.1"
    },
    "mochawesome": {
      "options": {
        "quiet": false,
        "reportFilename": "mochawesome",
        "saveHtml": false,
        "saveJson": true,
        "consoleReporter": "spec",
        "useInlineDiffs": false,
        "code": true
      },
      "version": "7.1.3"
    },
    "marge": {
      "options": {
        "id": "default",
        "reportDir": "cypress/results/mochawesome",
        "quite": true,
        "overwrite": false,
        "html": false,
        "json": true
      },
      "version": "6.2.0"
    }
  }
}