{
  "stats": {
    "suites": 1,
    "tests": 2,
    "passes": 2,
    "pending": 0,
    "failures": 0,
    "start": "2024-02-20T16:20:32.493Z",
    "end": "2024-02-20T16:20:46.898Z",
    "duration": 14405,
    "testsRegistered": 2,
    "passPercent": 100,
    "pendingPercent": 0,
    "other": 0,
    "hasOther": false,
    "skipped": 0,
    "hasSkipped": false
  },
  "results": [
    {
      "uuid": "575e7bec-0fa7-4ece-bed9-27b79fba741f",
      "title": "",
      "fullFile": "cypress\\e2e\\webdriver-uni\\contact-us.js",
      "file": "cypress\\e2e\\webdriver-uni\\contact-us.js",
      "beforeHooks": [],
      "afterHooks": [],
      "tests": [],
      "suites": [
        {
          "uuid": "fa52f8c2-94be-4617-b665-10cd749b2e43",
          "title": "Test Contact Us form via WebdriverUni",
          "fullFile": "",
          "file": "",
          "beforeHooks": [],
          "afterHooks": [],
          "tests": [
            {
              "title": "Should be able to submit a successful submission via contact us form",
              "fullTitle": "Test Contact Us form via WebdriverUni Should be able to submit a successful submission via contact us form",
              "timedOut": null,
              "duration": 7916,
              "state": "passed",
              "speed": "medium",
              "pass": true,
              "fail": false,
              "pending": false,
              "context": null,
              "code": "//cy.visit(\"http://www.webdriveruniversity.com/Contact-Us/contactus.html\")\ncy.document().should('have.property', 'charset').and('eq', 'UTF-8');\ncy.title().should('include', 'WebDriver | Contact Us');\ncy.url().should('include', 'contactus');\n//cy.get('#contact-us').click({force: true}) \n// cy.get('[name=\"first_name\"]').type(data.first_name);\n// cy.get('[name=\"last_name\"]').type(data.last_name);\n// cy.get('[name=\"email\"]').type(data.email)\n// cy.get('textarea.feedback-input').type(\"How can I learn Cypress?\")\n// cy.get('[type=\"submit\"]').click();\n// // ne može sa [type=\"submit\"] cy.get('[type=\"submit\"]').click().should('have.text', 'Thank You for your Message!')\n// cy.get('h1').should('have.text', 'Thank You for your Message!')\n//cy.webdriverUni_ContactForm_Submission(Cypress.env(\"first_name\"), data.last_name, data.email, \"How can I learn Cypress?\", 'h1', 'Thank You for your Message!')\n//const contact_Us_PO = new Contact_Us_PO();\ncontact_Us_PO.contactForm_Submission(Cypress.env(\"first_name\"), data.last_name, data.email, \"How can I learn Cypress?\", \"h1\", \"Thank You for your Message!\");",
              "err": {},
              "uuid": "87ccb25d-5c12-407a-a382-9320fb7b8141",
              "parentUUID": "fa52f8c2-94be-4617-b665-10cd749b2e43",
              "isHook": false,
              "skipped": false
            },
            {
              "title": "Should not be able to submit a successful submission via contact us form as all fields are required",
              "fullTitle": "Test Contact Us form via WebdriverUni Should not be able to submit a successful submission via contact us form as all fields are required",
              "timedOut": null,
              "duration": 6354,
              "state": "passed",
              "speed": "medium",
              "pass": true,
              "fail": false,
              "pending": false,
              "context": null,
              "code": "//cy.visit(\"http://www.webdriveruniversity.com/Contact-Us/contactus.html\");\n// cy.get('[name=\"first_name\"]').type(\"Tom\");\n// cy.get('[name=\"last_name\"]').type(\"Blogs\");\n// cy.get('textarea.feedback-input').type(\"How can I learn Cypress?\")\n// cy.get('[type=\"submit\"]').click();\n// cy.get('body').contains('Error: all fields are required')\n//const contact_Us_PO=new Contact_Us_PO();\ncontact_Us_PO.contactForm_Submission(data.first_name, data.last_name, \" \", \"How can I learn Cypress?\", 'body', 'Error: Invalid email address');\n//cy.webdriverUni_ContactForm_Submission(data.first_name, data.last_name, \" \", \"How can I learn Cypress?\", 'body', 'Error: Invalid email address')",
              "err": {},
              "uuid": "d487f04f-da53-4b3c-b2dc-378c2522dfd8",
              "parentUUID": "fa52f8c2-94be-4617-b665-10cd749b2e43",
              "isHook": false,
              "skipped": false
            }
          ],
          "suites": [],
          "passes": [
            "87ccb25d-5c12-407a-a382-9320fb7b8141",
            "d487f04f-da53-4b3c-b2dc-378c2522dfd8"
          ],
          "failures": [],
          "pending": [],
          "skipped": [],
          "duration": 14270,
          "root": false,
          "rootEmpty": false,
          "_timeout": 2000
        }
      ],
      "passes": [],
      "failures": [],
      "pending": [],
      "skipped": [],
      "duration": 0,
      "root": true,
      "rootEmpty": true,
      "_timeout": 2000
    }
  ],
  "meta": {
    "mocha": {
      "version": "7.0.1"
    },
    "mochawesome": {
      "options": {
        "quiet": false,
        "reportFilename": "mochawesome",
        "saveHtml": false,
        "saveJson": true,
        "consoleReporter": "spec",
        "useInlineDiffs": false,
        "code": true
      },
      "version": "7.1.3"
    },
    "marge": {
      "options": {
        "id": "default",
        "reportDir": "cypress/results/mochawesome",
        "quite": true,
        "overwrite": false,
        "html": false,
        "json": true
      },
      "version": "6.2.0"
    }
  }
}